Starting from step 0
Training for 10001 steps
10 23.0660138130188
20 26.81480646133423
30 30.399791955947876
40 33.96383786201477
50 37.64759111404419
60 41.327895402908325
70 45.07644844055176
80 48.84003734588623
90 52.52965593338013
100 Loss: 427.17 Acc 0.06
100 56.28215575218201
110 59.87349057197571
120 63.59911227226257
130 67.22792053222656
140 70.82818937301636
150 74.63689470291138
160 78.19359993934631
170 81.82021427154541
180 85.56184363365173
190 89.0933620929718
200 Loss: 394.14 Acc 0.1
200 93.86907434463501
210 97.50671172142029
220 101.23140931129456
230 105.01356983184814
240 108.62837553024292
250 112.29457378387451
260 115.91163516044617
270 119.48338031768799
280 123.18265104293823
290 126.87030410766602
300 Loss: 367.89 Acc 0.14
300 130.697518825531
310 134.28671979904175
320 138.11589789390564
330 141.77124118804932
340 145.46625804901123
350 149.21169805526733
360 152.9565896987915
370 156.60743165016174
380 160.09924983978271
390 163.4104380607605
400 Loss: 347.44 Acc 0.17
400 168.24612545967102
410 171.92456793785095
420 175.6729097366333
430 179.31861448287964
440 183.055828332901
450 186.6931049823761
460 190.40581226348877
470 193.93116068840027
480 197.70599603652954
490 201.30909323692322
500 Loss: 334.53 Acc 0.2
500 204.96431684494019
510 208.64293122291565
520 212.30171370506287
530 216.01953268051147
540 219.7516803741455
550 223.3164529800415
560 226.99329686164856
570 230.70864725112915
580 234.33359456062317
590 239.2074077129364
600 Loss: 321.55 Acc 0.22
600 242.85450983047485
610 246.5680799484253
620 250.2217435836792
630 253.83023738861084
640 257.4217195510864
650 261.11659955978394
660 264.6336295604706
670 268.245103597641
680 271.8292443752289
690 275.75376319885254
700 Loss: 311.76 Acc 0.23
700 279.55616188049316
710 283.2417347431183
720 286.993754863739
730 290.759578704834
740 294.49684882164
750 298.23533964157104
760 302.0412449836731
770 305.5046532154083
780 309.0896155834198
790 313.8883476257324
800 Loss: 302.44 Acc 0.26
800 317.54973793029785
Val 0
Traceback (most recent call last):
  File "/home/ec2-user/cifar/cifar-code/flax_train_supervised.py", line 227, in <module>
    trainer.train()
  File "/home/ec2-user/cifar/cifar-code/flax_trainer.py", line 100, in train
    _ = self.validation_step(val_data, self.params, self.val_metrics)
  File "/home/ec2-user/.local/lib/python3.9/site-packages/jax/_src/traceback_util.py", line 162, in reraise_with_filtered_traceback
    return fun(*args, **kwargs)
  File "/home/ec2-user/.local/lib/python3.9/site-packages/jax/_src/api.py", line 522, in cache_miss
    _check_arg(arg)
  File "/home/ec2-user/.local/lib/python3.9/site-packages/jax/_src/api.py", line 2932, in _check_arg
    raise TypeError(f"Argument '{arg}' of type {type(arg)} is not a valid JAX type.")
jax._src.traceback_util.UnfilteredStackTrace: TypeError: Argument 'tensor([[[[ 2.4444,  2.4444,  2.4444],
          [ 2.4444,  2.4444,  2.4444],
          [ 2.4444,  2.4444,  2.4444],
          ...,
          [ 2.4444,  2.4444,  2.4444],
          [ 2.4444,  2.4444,  2.4444],
          [ 2.4444,  2.4444,  2.4444]],
         [[ 2.4270,  2.4270,  2.4270],
          [ 2.4270,  2.4270,  2.4270],
          [ 2.4270,  2.4270,  2.4270],
          ...,
          [ 2.4270,  2.4270,  2.4270],
          [ 2.4270,  2.4270,  2.4270],
          [ 2.4270,  2.4270,  2.4270]],
         [[ 2.4444,  2.4444,  2.4444],
          [ 2.4444,  2.4444,  2.4444],
          [ 2.4444,  2.4444,  2.4444],
          ...,
          [ 2.4444,  2.4444,  2.4444],
          [ 2.4444,  2.4444,  2.4444],
          [ 2.4444,  2.4444,  2.4444]],
         ...,
         [[ 2.4444,  2.4444,  2.4444],
          [ 2.4444,  2.4444,  2.4444],
          [ 2.4444,  2.4444,  2.4444],
          ...,
          [ 2.4444,  2.4444,  2.4444],
          [ 2.4444,  2.4444,  2.4444],
          [ 2.4444,  2.4444,  2.4444]],
         [[ 2.4444,  2.4444,  2.4444],
          [ 2.4444,  2.4444,  2.4444],
          [ 2.4444,  2.4444,  2.4444],
          ...,
          [ 2.4444,  2.4444,  2.4444],
          [ 2.4444,  2.4444,  2.4444],
          [ 2.4444,  2.4444,  2.4444]],
         [[ 2.4444,  2.4444,  2.4444],
          [ 2.4444,  2.4444,  2.4444],
          [ 2.4444,  2.4444,  2.4444],
          ...,
          [ 2.4444,  2.4444,  2.4444],
          [ 2.4444,  2.4444,  2.4444],
          [ 2.4444,  2.4444,  2.4444]]],
        [[[ 2.4444,  2.4444,  2.4444],
          [ 2.4444,  2.4444,  2.4444],
          [ 2.4444,  2.4444,  2.4444],
          ...,
          [ 2.4444,  2.4444,  2.4444],
          [ 2.4444,  2.4444,  2.4444],
          [ 2.4444,  2.4444,  2.4444]],
         [[ 2.4444,  2.4444,  2.4444],
          [ 2.4444,  2.4444,  2.4444],
          [ 2.4444,  2.4444,  2.4444],
          ...,
          [ 2.4444,  2.4444,  2.4444],
          [ 2.4444,  2.4444,  2.4444],
          [ 2.4444,  2.4444,  2.4444]],
         [[ 2.4444,  2.4444,  2.4444],
          [ 2.4293,  2.4293,  2.4293],
          [ 2.4444,  2.4444,  2.4444],
          ...,
          [ 2.4444,  2.4444,  2.4444],
          [ 2.4444,  2.4444,  2.4444],
          [ 2.4444,  2.4444,  2.4444]],
         ...,
         [[ 2.4444,  2.4444,  2.4444],
          [ 2.4395,  2.4395,  2.4395],
          [ 2.4418,  2.4418,  2.4418],
          ...,
          [ 2.3391,  2.3391,  2.3377],
          [ 2.4392,  2.4392,  2.4392],
          [ 2.4267,  2.4267,  2.4267]],
         [[ 2.4444,  2.4444,  2.4444],
          [ 2.4089,  2.4089,  2.4089],
          [ 2.4273,  2.4273,  2.4273],
          ...,
          [ 2.4444,  2.4444,  2.4444],
          [ 2.4102,  2.4102,  2.4102],
          [ 2.4283,  2.4283,  2.4283]],
         [[ 2.4444,  2.4444,  2.4444],
          [ 2.4274,  2.4274,  2.4274],
          [ 2.4444,  2.4444,  2.4444],
          ...,
          [ 2.4266,  2.4266,  2.4266],
          [ 2.4444,  2.4444,  2.4444],
          [ 2.4444,  2.4444,  2.4444]]],
        [[[ 2.1630,  2.0599,  2.0080],
          [ 2.1835,  2.0301,  1.9608],
          [ 2.1559,  2.0108,  1.9565],
          ...,
          [ 2.2526,  2.0095,  1.9394],
          [ 2.2510,  2.0097,  1.9394],
          [ 2.2347,  2.0265,  1.9396]],
         [[ 2.3574,  2.2210,  2.1705],
          [ 2.1955,  2.0075,  1.9258],
          [ 2.1636,  1.9863,  1.8826],
          ...,
          [ 2.2905,  2.0434,  1.9080],
          [ 2.2858,  2.0400,  1.9063],
          [ 2.2524,  2.0258,  1.8899]],
         [[ 2.2580,  2.1034,  2.0174],
          [ 2.2400,  2.0679,  1.9497],
          [ 2.2066,  2.0125,  1.9037],
          ...,
          [ 2.2224,  2.0650,  1.8382],
          [ 2.2222,  2.0767,  1.8392],
          [ 2.2192,  2.0241,  1.8357]],
         ...,
         [[ 1.7803,  1.2559,  0.9061],
          [ 1.6648,  1.2103,  0.8980],
          [ 1.6904,  1.1737,  0.7974],
          ...,
          [ 1.4331,  0.9062,  0.5027],
          [ 1.4369,  0.9100,  0.4877],
          [ 1.3829,  0.8560,  0.4334]],
         [[ 1.7768,  1.2531,  0.8867],
          [ 1.5067,  1.0512,  0.7385],
          [ 1.4845,  0.9859,  0.5958],
          ...,
          [ 1.0112,  0.4530,  0.0191],
          [ 0.9240,  0.3659, -0.0704],
          [ 0.9147,  0.3571, -0.0949]],
         [[ 1.9483,  1.4419,  1.1107],
          [ 1.6356,  1.1795,  0.8664],
          [ 1.5946,  1.1246,  0.7830],
          ...,
          [ 0.6738,  0.1335, -0.2673],
          [ 0.4925, -0.0462, -0.4454],
          [ 0.5049, -0.0172, -0.3995]]],
        ...,
        [[[ 0.6954,  0.0949, -0.6156],
          [ 0.7821,  0.1121, -0.6502],
          [ 0.7643,  0.1474, -0.5625],
          ...,
          [ 0.7550, -0.5357, -1.5983],
          [ 0.5787, -0.5540, -1.6510],
          [ 0.7712, -0.4318, -1.5641]],
         [[ 1.2108, -0.1928, -1.2561],
          [ 1.3321, -0.1575, -1.3066],
          [ 1.3488, -0.1567, -1.2698],
          ...,
          [ 0.6575, -0.5511, -1.6641],
          [ 0.6472, -0.5025, -1.6844],
          [ 0.7740, -0.3956, -1.5794]],
         [[ 1.5803, -0.2370, -1.4369],
          [ 1.6913, -0.2330, -1.5228],
          [ 1.6969, -0.2150, -1.4873],
          ...,
          [ 0.5103, -0.6103, -1.7440],
          [ 0.6289, -0.5215, -1.7106],
          [ 0.6878, -0.4617, -1.6342]],
         ...,
         [[-0.2401, -0.7783, -1.6410],
          [-0.4131, -0.8468, -1.6746],
          [-0.5129, -0.8603, -1.6698],
          ...,
          [ 0.6049, -0.3724, -1.5205],
          [ 0.7817, -0.3827, -1.6937],
          [ 1.0041, -0.3821, -1.7088]],
         [[-0.0092, -0.6997, -1.6456],
          [-0.1469, -0.7321, -1.6438],
          [-0.2155, -0.7136, -1.6085],
          ...,
          [ 0.7497, -0.3964, -1.6379],
          [ 0.7584, -0.4504, -1.7216],
          [ 0.9638, -0.4157, -1.6851]],
         [[ 0.3573, -0.4811, -1.4751],
          [ 0.2355, -0.4807, -1.4575],
          [ 0.1658, -0.4633, -1.4403],
          ...,
          [ 0.9655, -0.3789, -1.6340],
          [ 0.8948, -0.4312, -1.7035],
          [ 1.0158, -0.4316, -1.6686]]],
        [[[-1.4597, -1.4597, -1.4946],
          [-1.4074, -1.4074, -1.4423],
          [-1.3551, -1.3551, -1.3900],
          ...,
          [-1.2157, -1.2331, -1.3203],
          [-1.2680, -1.2854, -1.3725],
          [-1.3203, -1.3377, -1.4248]],
         [[-1.3725, -1.3725, -1.4074],
          [-1.3203, -1.3203, -1.3551],
          [-1.2505, -1.2505, -1.2854],
          ...,
          [-1.1285, -1.1460, -1.2331],
          [-1.1808, -1.1983, -1.2854],
          [-1.2157, -1.2331, -1.3203]],
         [[-1.2854, -1.2854, -1.3028],
          [-1.2331, -1.2331, -1.2680],
          [-1.1634, -1.1634, -1.1983],
          ...,
          [-1.0414, -1.0588, -1.1460],
          [-1.0937, -1.1111, -1.1983],
          [-1.1111, -1.1285, -1.2157]],
         ...,
         [[ 0.3878,  0.4575,  0.5098],
          [ 0.3529,  0.4227,  0.4749],
          [ 0.3529,  0.4401,  0.4924],
          ...,
          [ 1.0501,  1.0501,  0.9630],
          [ 1.1024,  1.0850,  0.9978],
          [ 1.1721,  1.1547,  1.0675]],
         [[ 0.4924,  0.5447,  0.5970],
          [ 0.4749,  0.5098,  0.5621],
          [ 0.4749,  0.5272,  0.5795],
          ...,
          [ 1.0153,  0.9978,  0.9281],
          [ 1.0501,  1.0327,  0.9630],
          [ 1.1198,  1.1024,  1.0327]],
         [[ 0.5621,  0.5621,  0.6492],
          [ 0.5447,  0.5447,  0.6144],
          [ 0.5447,  0.5447,  0.6144],
          ...,
          [ 1.0153,  0.9978,  0.9281],
          [ 1.0501,  1.0327,  0.9630],
          [ 1.1198,  1.1024,  1.0327]]],
        [[[ 0.1089,  0.1089,  0.1089],
          [ 0.1260,  0.1260,  0.1260],
          [ 0.1434,  0.1434,  0.1434],
          ...,
          [ 0.6671,  0.6671,  0.6671],
          [ 0.6671,  0.6671,  0.6671],
          [ 0.6667,  0.6667,  0.6667]],
         [[ 0.1099,  0.1099,  0.1099],
          [ 0.1435,  0.1435,  0.1435],
          [ 0.1599,  0.1599,  0.1599],
          ...,
          [ 0.6516,  0.6516,  0.6516],
          [ 0.6506,  0.6506,  0.6506],
          [ 0.6667,  0.6667,  0.6667]],
         [[ 0.0967,  0.0967,  0.0967],
          [ 0.1319,  0.1319,  0.1319],
          [ 0.1644,  0.1644,  0.1644],
          ...,
          [ 0.6324,  0.6324,  0.6324],
          [ 0.6490,  0.6490,  0.6490],
          [ 0.6681,  0.6681,  0.6681]],
         ...,
         [[ 1.8957,  1.8957,  1.8957],
          [ 2.0012,  2.0012,  2.0012],
          [ 1.9939,  1.9939,  1.9939],
          ...,
          [ 1.5291,  1.5291,  1.5291],
          [ 1.5537,  1.5537,  1.5537],
          [ 1.4605,  1.4605,  1.4605]],
         [[ 1.9601,  1.9601,  1.9601],
          [ 2.0084,  2.0084,  2.0084],
          [ 2.0308,  2.0308,  2.0308],
          ...,
          [ 1.0224,  1.0224,  1.0224],
          [ 1.2759,  1.2759,  1.2759],
          [ 1.4633,  1.4633,  1.4633]],
         [[ 1.9386,  1.9386,  1.9386],
          [ 1.9909,  1.9909,  1.9909],
          [ 2.0618,  2.0618,  2.0618],
          ...,
          [ 0.8538,  0.8538,  0.8538],
          [ 0.7946,  0.7946,  0.7946],
          [ 0.9155,  0.9155,  0.9155]]]])' of type <class 'torch.Tensor'> is not a valid JAX type.
The stack trace below excludes JAX-internal frames.
The preceding is the original exception that occurred, unmodified.
--------------------
The above exception was the direct cause of the following exception:
Traceback (most recent call last):
  File "/home/ec2-user/cifar/cifar-code/flax_train_supervised.py", line 227, in <module>
    trainer.train()
  File "/home/ec2-user/cifar/cifar-code/flax_trainer.py", line 100, in train
    _ = self.validation_step(val_data, self.params, self.val_metrics)
TypeError: Argument 'tensor([[[[ 2.4444,  2.4444,  2.4444],
          [ 2.4444,  2.4444,  2.4444],
          [ 2.4444,  2.4444,  2.4444],
          ...,
          [ 2.4444,  2.4444,  2.4444],
          [ 2.4444,  2.4444,  2.4444],
          [ 2.4444,  2.4444,  2.4444]],
         [[ 2.4270,  2.4270,  2.4270],
          [ 2.4270,  2.4270,  2.4270],
          [ 2.4270,  2.4270,  2.4270],
          ...,
          [ 2.4270,  2.4270,  2.4270],
          [ 2.4270,  2.4270,  2.4270],
          [ 2.4270,  2.4270,  2.4270]],
         [[ 2.4444,  2.4444,  2.4444],
          [ 2.4444,  2.4444,  2.4444],
          [ 2.4444,  2.4444,  2.4444],
          ...,
          [ 2.4444,  2.4444,  2.4444],
          [ 2.4444,  2.4444,  2.4444],
          [ 2.4444,  2.4444,  2.4444]],
         ...,
         [[ 2.4444,  2.4444,  2.4444],
          [ 2.4444,  2.4444,  2.4444],
          [ 2.4444,  2.4444,  2.4444],
          ...,
          [ 2.4444,  2.4444,  2.4444],
          [ 2.4444,  2.4444,  2.4444],
          [ 2.4444,  2.4444,  2.4444]],
         [[ 2.4444,  2.4444,  2.4444],
          [ 2.4444,  2.4444,  2.4444],
          [ 2.4444,  2.4444,  2.4444],
          ...,
          [ 2.4444,  2.4444,  2.4444],
          [ 2.4444,  2.4444,  2.4444],
          [ 2.4444,  2.4444,  2.4444]],
         [[ 2.4444,  2.4444,  2.4444],
          [ 2.4444,  2.4444,  2.4444],
          [ 2.4444,  2.4444,  2.4444],
          ...,
          [ 2.4444,  2.4444,  2.4444],
          [ 2.4444,  2.4444,  2.4444],
          [ 2.4444,  2.4444,  2.4444]]],
        [[[ 2.4444,  2.4444,  2.4444],
          [ 2.4444,  2.4444,  2.4444],
          [ 2.4444,  2.4444,  2.4444],
          ...,
          [ 2.4444,  2.4444,  2.4444],
          [ 2.4444,  2.4444,  2.4444],
          [ 2.4444,  2.4444,  2.4444]],
         [[ 2.4444,  2.4444,  2.4444],
          [ 2.4444,  2.4444,  2.4444],
          [ 2.4444,  2.4444,  2.4444],
          ...,
          [ 2.4444,  2.4444,  2.4444],
          [ 2.4444,  2.4444,  2.4444],
          [ 2.4444,  2.4444,  2.4444]],
         [[ 2.4444,  2.4444,  2.4444],
          [ 2.4293,  2.4293,  2.4293],
          [ 2.4444,  2.4444,  2.4444],
          ...,
          [ 2.4444,  2.4444,  2.4444],
          [ 2.4444,  2.4444,  2.4444],
          [ 2.4444,  2.4444,  2.4444]],
         ...,
         [[ 2.4444,  2.4444,  2.4444],
          [ 2.4395,  2.4395,  2.4395],
          [ 2.4418,  2.4418,  2.4418],
          ...,
          [ 2.3391,  2.3391,  2.3377],
          [ 2.4392,  2.4392,  2.4392],
          [ 2.4267,  2.4267,  2.4267]],
         [[ 2.4444,  2.4444,  2.4444],
          [ 2.4089,  2.4089,  2.4089],
          [ 2.4273,  2.4273,  2.4273],
          ...,
          [ 2.4444,  2.4444,  2.4444],
          [ 2.4102,  2.4102,  2.4102],
          [ 2.4283,  2.4283,  2.4283]],
         [[ 2.4444,  2.4444,  2.4444],
          [ 2.4274,  2.4274,  2.4274],
          [ 2.4444,  2.4444,  2.4444],
          ...,
          [ 2.4266,  2.4266,  2.4266],
          [ 2.4444,  2.4444,  2.4444],
          [ 2.4444,  2.4444,  2.4444]]],
        [[[ 2.1630,  2.0599,  2.0080],
          [ 2.1835,  2.0301,  1.9608],
          [ 2.1559,  2.0108,  1.9565],
          ...,
          [ 2.2526,  2.0095,  1.9394],
          [ 2.2510,  2.0097,  1.9394],
          [ 2.2347,  2.0265,  1.9396]],
         [[ 2.3574,  2.2210,  2.1705],
          [ 2.1955,  2.0075,  1.9258],
          [ 2.1636,  1.9863,  1.8826],
          ...,
          [ 2.2905,  2.0434,  1.9080],
          [ 2.2858,  2.0400,  1.9063],
          [ 2.2524,  2.0258,  1.8899]],
         [[ 2.2580,  2.1034,  2.0174],
          [ 2.2400,  2.0679,  1.9497],
          [ 2.2066,  2.0125,  1.9037],
          ...,
          [ 2.2224,  2.0650,  1.8382],
          [ 2.2222,  2.0767,  1.8392],
          [ 2.2192,  2.0241,  1.8357]],
         ...,
         [[ 1.7803,  1.2559,  0.9061],
          [ 1.6648,  1.2103,  0.8980],
          [ 1.6904,  1.1737,  0.7974],
          ...,
          [ 1.4331,  0.9062,  0.5027],
          [ 1.4369,  0.9100,  0.4877],
          [ 1.3829,  0.8560,  0.4334]],
         [[ 1.7768,  1.2531,  0.8867],
          [ 1.5067,  1.0512,  0.7385],
          [ 1.4845,  0.9859,  0.5958],
          ...,
          [ 1.0112,  0.4530,  0.0191],
          [ 0.9240,  0.3659, -0.0704],
          [ 0.9147,  0.3571, -0.0949]],
         [[ 1.9483,  1.4419,  1.1107],
          [ 1.6356,  1.1795,  0.8664],
          [ 1.5946,  1.1246,  0.7830],
          ...,
          [ 0.6738,  0.1335, -0.2673],
          [ 0.4925, -0.0462, -0.4454],
          [ 0.5049, -0.0172, -0.3995]]],
        ...,
        [[[ 0.6954,  0.0949, -0.6156],
          [ 0.7821,  0.1121, -0.6502],
          [ 0.7643,  0.1474, -0.5625],
          ...,
          [ 0.7550, -0.5357, -1.5983],
          [ 0.5787, -0.5540, -1.6510],
          [ 0.7712, -0.4318, -1.5641]],
         [[ 1.2108, -0.1928, -1.2561],
          [ 1.3321, -0.1575, -1.3066],
          [ 1.3488, -0.1567, -1.2698],
          ...,
          [ 0.6575, -0.5511, -1.6641],
          [ 0.6472, -0.5025, -1.6844],
          [ 0.7740, -0.3956, -1.5794]],
         [[ 1.5803, -0.2370, -1.4369],
          [ 1.6913, -0.2330, -1.5228],
          [ 1.6969, -0.2150, -1.4873],
          ...,
          [ 0.5103, -0.6103, -1.7440],
          [ 0.6289, -0.5215, -1.7106],
          [ 0.6878, -0.4617, -1.6342]],
         ...,
         [[-0.2401, -0.7783, -1.6410],
          [-0.4131, -0.8468, -1.6746],
          [-0.5129, -0.8603, -1.6698],
          ...,
          [ 0.6049, -0.3724, -1.5205],
          [ 0.7817, -0.3827, -1.6937],
          [ 1.0041, -0.3821, -1.7088]],
         [[-0.0092, -0.6997, -1.6456],
          [-0.1469, -0.7321, -1.6438],
          [-0.2155, -0.7136, -1.6085],
          ...,
          [ 0.7497, -0.3964, -1.6379],
          [ 0.7584, -0.4504, -1.7216],
          [ 0.9638, -0.4157, -1.6851]],
         [[ 0.3573, -0.4811, -1.4751],
          [ 0.2355, -0.4807, -1.4575],
          [ 0.1658, -0.4633, -1.4403],
          ...,
          [ 0.9655, -0.3789, -1.6340],
          [ 0.8948, -0.4312, -1.7035],
          [ 1.0158, -0.4316, -1.6686]]],
        [[[-1.4597, -1.4597, -1.4946],
          [-1.4074, -1.4074, -1.4423],
          [-1.3551, -1.3551, -1.3900],
          ...,
          [-1.2157, -1.2331, -1.3203],
          [-1.2680, -1.2854, -1.3725],
          [-1.3203, -1.3377, -1.4248]],
         [[-1.3725, -1.3725, -1.4074],
          [-1.3203, -1.3203, -1.3551],
          [-1.2505, -1.2505, -1.2854],
          ...,
          [-1.1285, -1.1460, -1.2331],
          [-1.1808, -1.1983, -1.2854],
          [-1.2157, -1.2331, -1.3203]],
         [[-1.2854, -1.2854, -1.3028],
          [-1.2331, -1.2331, -1.2680],
          [-1.1634, -1.1634, -1.1983],
          ...,
          [-1.0414, -1.0588, -1.1460],
          [-1.0937, -1.1111, -1.1983],
          [-1.1111, -1.1285, -1.2157]],
         ...,
         [[ 0.3878,  0.4575,  0.5098],
          [ 0.3529,  0.4227,  0.4749],
          [ 0.3529,  0.4401,  0.4924],
          ...,
          [ 1.0501,  1.0501,  0.9630],
          [ 1.1024,  1.0850,  0.9978],
          [ 1.1721,  1.1547,  1.0675]],
         [[ 0.4924,  0.5447,  0.5970],
          [ 0.4749,  0.5098,  0.5621],
          [ 0.4749,  0.5272,  0.5795],
          ...,
          [ 1.0153,  0.9978,  0.9281],
          [ 1.0501,  1.0327,  0.9630],
          [ 1.1198,  1.1024,  1.0327]],
         [[ 0.5621,  0.5621,  0.6492],
          [ 0.5447,  0.5447,  0.6144],
          [ 0.5447,  0.5447,  0.6144],
          ...,
          [ 1.0153,  0.9978,  0.9281],
          [ 1.0501,  1.0327,  0.9630],
          [ 1.1198,  1.1024,  1.0327]]],
        [[[ 0.1089,  0.1089,  0.1089],
          [ 0.1260,  0.1260,  0.1260],
          [ 0.1434,  0.1434,  0.1434],
          ...,
          [ 0.6671,  0.6671,  0.6671],
          [ 0.6671,  0.6671,  0.6671],
          [ 0.6667,  0.6667,  0.6667]],
         [[ 0.1099,  0.1099,  0.1099],
          [ 0.1435,  0.1435,  0.1435],
          [ 0.1599,  0.1599,  0.1599],
          ...,
          [ 0.6516,  0.6516,  0.6516],
          [ 0.6506,  0.6506,  0.6506],
          [ 0.6667,  0.6667,  0.6667]],
         [[ 0.0967,  0.0967,  0.0967],
          [ 0.1319,  0.1319,  0.1319],
          [ 0.1644,  0.1644,  0.1644],
          ...,
          [ 0.6324,  0.6324,  0.6324],
          [ 0.6490,  0.6490,  0.6490],
          [ 0.6681,  0.6681,  0.6681]],
         ...,
         [[ 1.8957,  1.8957,  1.8957],
          [ 2.0012,  2.0012,  2.0012],
          [ 1.9939,  1.9939,  1.9939],
          ...,
          [ 1.5291,  1.5291,  1.5291],
          [ 1.5537,  1.5537,  1.5537],
          [ 1.4605,  1.4605,  1.4605]],
         [[ 1.9601,  1.9601,  1.9601],
          [ 2.0084,  2.0084,  2.0084],
          [ 2.0308,  2.0308,  2.0308],
          ...,
          [ 1.0224,  1.0224,  1.0224],
          [ 1.2759,  1.2759,  1.2759],
          [ 1.4633,  1.4633,  1.4633]],
         [[ 1.9386,  1.9386,  1.9386],
          [ 1.9909,  1.9909,  1.9909],
          [ 2.0618,  2.0618,  2.0618],
          ...,
          [ 0.8538,  0.8538,  0.8538],
          [ 0.7946,  0.7946,  0.7946],
          [ 0.9155,  0.9155,  0.9155]]]])' of type <class 'torch.Tensor'> is not a valid JAX type.